<?xml version="1.0" encoding="UTF-8"?>
<!-- Generated by org.testng.reporters.JUnitReportReporter -->
<testsuite hostname="MSI" failures="0" tests="1" name="pos.scripts.DemoTest" time="7.447" errors="0" timestamp="27 Jun 2023 06:58:53 GMT" skipped="0">
  <testcase classname="pos.scripts.DemoTest" name="testPosValidLogin" time="7.447"/>
</testsuite> <!-- pos.scripts.DemoTest -->
